<?xml version="1.0" encoding="UTF-8"?>
<testsuite xmlns:xsi="http://www.w3.org/2001/XMLSchema-instance" xsi:noNamespaceSchemaLocation="https://maven.apache.org/surefire/maven-surefire-plugin/xsd/surefire-test-report-3.0.xsd" version="3.0" name="com.meuexercicio.CalculadoraIntegrationTest" time="0.061" tests="5" errors="0" skipped="0" failures="0">
  <properties>
[...]
</properties>
  <testcase name="testDivisaoPorZero" classname="com.meuexercicio.CalculadoraIntegrationTest" time="0.03"/>
  <testcase name="testSequenciaDeOperacoes" classname="com.meuexercicio.CalculadoraIntegrationTest" time="0.003"/>
  <testcase name="testFuncionalidadeBasica" classname="com.meuexercicio.CalculadoraIntegrationTest" time="0.001"/>
  <testcase name="testIntegracaoPotenciaERaiz" classname="com.meuexercicio.CalculadoraIntegrationTest" time="0.001"/>
  <testcase name="testRaizDeNegativo" classname="com.meuexercicio.CalculadoraIntegrationTest" time="0.001"/>
</testsuite>